Построение начато 02.10.2014 14:22:13.
     1>Проект "C:\Users\Df5g5\documents\visual studio 2012\Projects\bar heating\bar heating\bar heating.vcxproj" в узле 2 (целевые объекты Build).
     1>ClCompile:
         C:\Program Files (x86)\Microsoft Visual Studio 11.0\VC\bin\CL.exe /c /ZI /nologo /W3 /WX- /Od /Oy- /D _MBCS /Gm /EHsc /RTC1 /MDd /GS /fp:precise /Zc:wchar_t /Zc:forScope /Fo"Debug\\" /Fd"Debug\vc110.pdb" /Gd /TP /analyze- /errorReport:prompt oned.cpp
         oned.cpp
     1>c:\users\df5g5\documents\visual studio 2012\projects\bar heating\bar heating\oned.cpp(40): warning C4244: =: преобразование "double" в "unsigned int", возможна потеря данных
     1>c:\users\df5g5\documents\visual studio 2012\projects\bar heating\bar heating\oned.cpp(50): warning C4018: <: несоответствие типов со знаком и без знака
     1>c:\users\df5g5\documents\visual studio 2012\projects\bar heating\bar heating\oned.cpp(71): warning C4018: <: несоответствие типов со знаком и без знака
     1>c:\users\df5g5\documents\visual studio 2012\projects\bar heating\bar heating\oned.cpp(108): warning C4018: <: несоответствие типов со знаком и без знака
     1>c:\users\df5g5\documents\visual studio 2012\projects\bar heating\bar heating\oned.cpp(136): warning C4996: 'sprintf': This function or variable may be unsafe. Consider using sprintf_s instead. To disable deprecation, use _CRT_SECURE_NO_WARNINGS. See online help for details.
                 c:\program files (x86)\microsoft visual studio 11.0\vc\include\stdio.h(357): см. объявление "sprintf"
     1>c:\users\df5g5\documents\visual studio 2012\projects\bar heating\bar heating\oned.cpp(139): warning C4018: <: несоответствие типов со знаком и без знака
     1>c:\users\df5g5\documents\visual studio 2012\projects\bar heating\bar heating\oned.cpp(178): warning C4996: 'getch': The POSIX name for this item is deprecated. Instead, use the ISO C++ conformant name: _getch. See online help for details.
                 c:\program files (x86)\microsoft visual studio 11.0\vc\include\conio.h(131): см. объявление "getch"
       Link:
         C:\Program Files (x86)\Microsoft Visual Studio 11.0\VC\bin\link.exe /ERRORREPORT:PROMPT /OUT:"C:\Users\Df5g5\documents\visual studio 2012\Projects\bar heating\Debug\bar heating.exe" /INCREMENTAL /NOLOGO kernel32.lib user32.lib gdi32.lib winspool.lib comdlg32.lib advapi32.lib shell32.lib ole32.lib oleaut32.lib uuid.lib odbc32.lib odbccp32.lib /MANIFEST /MANIFESTUAC:"level='asInvoker' uiAccess='false'" /manifest:embed /DEBUG /PDB:"C:\Users\Df5g5\documents\visual studio 2012\Projects\bar heating\Debug\bar heating.pdb" /TLBID:1 /DYNAMICBASE /NXCOMPAT /IMPLIB:"C:\Users\Df5g5\documents\visual studio 2012\Projects\bar heating\Debug\bar heating.lib" /MACHINE:X86 "Debug\bar heating.res"
         Debug\barh.obj
         Debug\oned.obj
         bar heating.vcxproj -> C:\Users\Df5g5\documents\visual studio 2012\Projects\bar heating\Debug\bar heating.exe
     1>Построение проекта "C:\Users\Df5g5\documents\visual studio 2012\Projects\bar heating\bar heating\bar heating.vcxproj" завершено (целевые объекты Build).

Построение успешно завершено.

Затраченное время: 00:00:01.38
